TimeQuest Timing Analyzer report for uPController1
Fri Apr 07 17:40:07 2017
Quartus Prime Version 16.1.0 Build 196 10/24/2016 SJ Lite Edition


---------------------
; Table of Contents ;
---------------------
  1. Legal Notice
  2. TimeQuest Timing Analyzer Summary
  3. Parallel Compilation
  4. Clocks
  5. Slow 1000mV 100C Model Fmax Summary
  6. Timing Closure Recommendations
  7. Slow 1000mV 100C Model Setup Summary
  8. Slow 1000mV 100C Model Hold Summary
  9. Slow 1000mV 100C Model Recovery Summary
 10. Slow 1000mV 100C Model Removal Summary
 11. Slow 1000mV 100C Model Minimum Pulse Width Summary
 12. Slow 1000mV 100C Model Setup: 'clk'
 13. Slow 1000mV 100C Model Hold: 'clk'
 14. Slow 1000mV 100C Model Metastability Summary
 15. Slow 1000mV -40C Model Fmax Summary
 16. Slow 1000mV -40C Model Setup Summary
 17. Slow 1000mV -40C Model Hold Summary
 18. Slow 1000mV -40C Model Recovery Summary
 19. Slow 1000mV -40C Model Removal Summary
 20. Slow 1000mV -40C Model Minimum Pulse Width Summary
 21. Slow 1000mV -40C Model Setup: 'clk'
 22. Slow 1000mV -40C Model Hold: 'clk'
 23. Slow 1000mV -40C Model Metastability Summary
 24. Fast 1000mV -40C Model Setup Summary
 25. Fast 1000mV -40C Model Hold Summary
 26. Fast 1000mV -40C Model Recovery Summary
 27. Fast 1000mV -40C Model Removal Summary
 28. Fast 1000mV -40C Model Minimum Pulse Width Summary
 29. Fast 1000mV -40C Model Setup: 'clk'
 30. Fast 1000mV -40C Model Hold: 'clk'
 31. Fast 1000mV -40C Model Metastability Summary
 32. Multicorner Timing Analysis Summary
 33. Board Trace Model Assignments
 34. Input Transition Times
 35. Signal Integrity Metrics (Slow 1000mv n40c Model)
 36. Signal Integrity Metrics (Slow 1000mv 100c Model)
 37. Signal Integrity Metrics (Fast 1000mv n40c Model)
 38. Setup Transfers
 39. Hold Transfers
 40. Report TCCS
 41. Report RSKM
 42. Unconstrained Paths Summary
 43. Clock Status Summary
 44. Unconstrained Output Ports
 45. Unconstrained Output Ports
 46. TimeQuest Timing Analyzer Messages



----------------
; Legal Notice ;
----------------
Copyright (C) 2016  Intel Corporation. All rights reserved.
Your use of Intel Corporation's design tools, logic functions 
and other software and tools, and its AMPP partner logic 
functions, and any output files from any of the foregoing 
(including device programming or simulation files), and any 
associated documentation or information are expressly subject 
to the terms and conditions of the Intel Program License 
Subscription Agreement, the Intel Quartus Prime License Agreement,
the Intel MegaCore Function License Agreement, or other 
applicable license agreement, including, without limitation, 
that your use is for the sole purpose of programming logic 
devices manufactured by Intel and sold by Intel or its 
authorized distributors.  Please refer to the applicable 
agreement for further details.



+-----------------------------------------------------------------------------+
; TimeQuest Timing Analyzer Summary                                           ;
+-----------------------+-----------------------------------------------------+
; Quartus Prime Version ; Version 16.1.0 Build 196 10/24/2016 SJ Lite Edition ;
; Timing Analyzer       ; TimeQuest                                           ;
; Revision Name         ; uPController1                                       ;
; Device Family         ; Cyclone IV E                                        ;
; Device Name           ; EP4CE115F29I8L                                      ;
; Timing Models         ; Final                                               ;
; Delay Model           ; Combined                                            ;
; Rise/Fall Delays      ; Enabled                                             ;
+-----------------------+-----------------------------------------------------+


+------------------------------------------+
; Parallel Compilation                     ;
+----------------------------+-------------+
; Processors                 ; Number      ;
+----------------------------+-------------+
; Number detected on machine ; 4           ;
; Maximum allowed            ; 4           ;
;                            ;             ;
; Average used               ; 1.00        ;
; Maximum used               ; 4           ;
;                            ;             ;
; Usage by Processor         ; % Time Used ;
;     Processor 1            ; 100.0%      ;
;     Processors 2-4         ;   0.1%      ;
+----------------------------+-------------+


+---------------------------------------------------------------------------------------------------------------------------------------------------------------------------------+
; Clocks                                                                                                                                                                          ;
+------------+------+--------+------------+-------+-------+------------+-----------+-------------+-------+--------+-----------+------------+----------+--------+--------+---------+
; Clock Name ; Type ; Period ; Frequency  ; Rise  ; Fall  ; Duty Cycle ; Divide by ; Multiply by ; Phase ; Offset ; Edge List ; Edge Shift ; Inverted ; Master ; Source ; Targets ;
+------------+------+--------+------------+-------+-------+------------+-----------+-------------+-------+--------+-----------+------------+----------+--------+--------+---------+
; clk        ; Base ; 1.000  ; 1000.0 MHz ; 0.000 ; 0.500 ;            ;           ;             ;       ;        ;           ;            ;          ;        ;        ; { clk } ;
+------------+------+--------+------------+-------+-------+------------+-----------+-------------+-------+--------+-----------+------------+----------+--------+--------+---------+


+-----------------------------------------------------------------------------------------------------------+
; Slow 1000mV 100C Model Fmax Summary                                                                       ;
+------------+-----------------+------------+---------------------------------------------------------------+
; Fmax       ; Restricted Fmax ; Clock Name ; Note                                                          ;
+------------+-----------------+------------+---------------------------------------------------------------+
; 516.53 MHz ; 250.0 MHz       ; clk        ; limit due to minimum period restriction (max I/O toggle rate) ;
+------------+-----------------+------------+---------------------------------------------------------------+
This panel reports FMAX for every clock in the design, regardless of the user-specified clock periods.  FMAX is only computed for paths where the source and destination registers or ports are driven by the same clock.  Paths of different clocks, including generated clocks, are ignored.  For paths between a clock and its inversion, FMAX is computed as if the rising and falling edges are scaled along with FMAX, such that the duty cycle (in terms of a percentage) is maintained. Altera recommends that you always use clock constraints and other slack reports for sign-off analysis.


----------------------------------
; Timing Closure Recommendations ;
----------------------------------
HTML report is unavailable in plain text report export.


+--------------------------------------+
; Slow 1000mV 100C Model Setup Summary ;
+-------+--------+---------------------+
; Clock ; Slack  ; End Point TNS       ;
+-------+--------+---------------------+
; clk   ; -0.936 ; -5.367              ;
+-------+--------+---------------------+


+-------------------------------------+
; Slow 1000mV 100C Model Hold Summary ;
+-------+-------+---------------------+
; Clock ; Slack ; End Point TNS       ;
+-------+-------+---------------------+
; clk   ; 0.519 ; 0.000               ;
+-------+-------+---------------------+


-------------------------------------------
; Slow 1000mV 100C Model Recovery Summary ;
-------------------------------------------
No paths to report.


------------------------------------------
; Slow 1000mV 100C Model Removal Summary ;
------------------------------------------
No paths to report.


+----------------------------------------------------+
; Slow 1000mV 100C Model Minimum Pulse Width Summary ;
+-------+--------+-----------------------------------+
; Clock ; Slack  ; End Point TNS                     ;
+-------+--------+-----------------------------------+
; clk   ; -3.000 ; -18.867                           ;
+-------+--------+-----------------------------------+


+-----------------------------------------------------------------------------------------------------------------+
; Slow 1000mV 100C Model Setup: 'clk'                                                                             ;
+--------+-------------+--------------------+--------------+-------------+--------------+------------+------------+
; Slack  ; From Node   ; To Node            ; Launch Clock ; Latch Clock ; Relationship ; Clock Skew ; Data Delay ;
+--------+-------------+--------------------+--------------+-------------+--------------+------------+------------+
; -0.936 ; pCounter[1] ; ControlBus[1]~reg0 ; clk          ; clk         ; 1.000        ; -0.098     ; 1.842      ;
; -0.897 ; pCounter[2] ; ControlBus[3]~reg0 ; clk          ; clk         ; 1.000        ; -0.098     ; 1.803      ;
; -0.896 ; pCounter[2] ; ControlBus[4]~reg0 ; clk          ; clk         ; 1.000        ; -0.098     ; 1.802      ;
; -0.703 ; pCounter[0] ; ControlBus[3]~reg0 ; clk          ; clk         ; 1.000        ; -0.098     ; 1.609      ;
; -0.702 ; pCounter[0] ; ControlBus[4]~reg0 ; clk          ; clk         ; 1.000        ; -0.098     ; 1.608      ;
; -0.699 ; pCounter[0] ; ControlBus[1]~reg0 ; clk          ; clk         ; 1.000        ; -0.098     ; 1.605      ;
; -0.651 ; pCounter[1] ; ControlBus[0]~reg0 ; clk          ; clk         ; 1.000        ; -0.098     ; 1.557      ;
; -0.624 ; pCounter[1] ; pCounter[2]        ; clk          ; clk         ; 1.000        ; -0.098     ; 1.530      ;
; -0.560 ; pCounter[1] ; ControlBus[3]~reg0 ; clk          ; clk         ; 1.000        ; -0.098     ; 1.466      ;
; -0.560 ; pCounter[1] ; ControlBus[4]~reg0 ; clk          ; clk         ; 1.000        ; -0.098     ; 1.466      ;
; -0.543 ; pCounter[2] ; ControlBus[1]~reg0 ; clk          ; clk         ; 1.000        ; -0.098     ; 1.449      ;
; -0.523 ; pCounter[1] ; ControlBus[2]~reg0 ; clk          ; clk         ; 1.000        ; -0.098     ; 1.429      ;
; -0.471 ; pCounter[2] ; ControlBus[5]~reg0 ; clk          ; clk         ; 1.000        ; -0.098     ; 1.377      ;
; -0.465 ; pCounter[2] ; ControlBus[0]~reg0 ; clk          ; clk         ; 1.000        ; -0.098     ; 1.371      ;
; -0.296 ; pCounter[0] ; ControlBus[0]~reg0 ; clk          ; clk         ; 1.000        ; -0.098     ; 1.202      ;
; -0.293 ; pCounter[0] ; pCounter[2]        ; clk          ; clk         ; 1.000        ; -0.098     ; 1.199      ;
; -0.292 ; pCounter[0] ; pCounter[1]        ; clk          ; clk         ; 1.000        ; -0.098     ; 1.198      ;
; -0.286 ; pCounter[0] ; ControlBus[2]~reg0 ; clk          ; clk         ; 1.000        ; -0.098     ; 1.192      ;
; -0.277 ; pCounter[0] ; ControlBus[5]~reg0 ; clk          ; clk         ; 1.000        ; -0.098     ; 1.183      ;
; -0.130 ; pCounter[2] ; ControlBus[2]~reg0 ; clk          ; clk         ; 1.000        ; -0.098     ; 1.036      ;
; -0.127 ; pCounter[1] ; ControlBus[5]~reg0 ; clk          ; clk         ; 1.000        ; -0.098     ; 1.033      ;
; -0.077 ; pCounter[0] ; pCounter[0]        ; clk          ; clk         ; 1.000        ; -0.098     ; 0.983      ;
; -0.077 ; pCounter[2] ; pCounter[2]        ; clk          ; clk         ; 1.000        ; -0.098     ; 0.983      ;
; -0.077 ; pCounter[1] ; pCounter[1]        ; clk          ; clk         ; 1.000        ; -0.098     ; 0.983      ;
+--------+-------------+--------------------+--------------+-------------+--------------+------------+------------+


+----------------------------------------------------------------------------------------------------------------+
; Slow 1000mV 100C Model Hold: 'clk'                                                                             ;
+-------+-------------+--------------------+--------------+-------------+--------------+------------+------------+
; Slack ; From Node   ; To Node            ; Launch Clock ; Latch Clock ; Relationship ; Clock Skew ; Data Delay ;
+-------+-------------+--------------------+--------------+-------------+--------------+------------+------------+
; 0.519 ; pCounter[2] ; pCounter[2]        ; clk          ; clk         ; 0.000        ; 0.098      ; 0.858      ;
; 0.519 ; pCounter[1] ; pCounter[1]        ; clk          ; clk         ; 0.000        ; 0.098      ; 0.858      ;
; 0.523 ; pCounter[0] ; pCounter[0]        ; clk          ; clk         ; 0.000        ; 0.098      ; 0.862      ;
; 0.545 ; pCounter[2] ; ControlBus[2]~reg0 ; clk          ; clk         ; 0.000        ; 0.098      ; 0.884      ;
; 0.552 ; pCounter[1] ; ControlBus[5]~reg0 ; clk          ; clk         ; 0.000        ; 0.098      ; 0.891      ;
; 0.694 ; pCounter[0] ; ControlBus[2]~reg0 ; clk          ; clk         ; 0.000        ; 0.098      ; 1.033      ;
; 0.695 ; pCounter[0] ; ControlBus[5]~reg0 ; clk          ; clk         ; 0.000        ; 0.098      ; 1.034      ;
; 0.703 ; pCounter[0] ; pCounter[2]        ; clk          ; clk         ; 0.000        ; 0.098      ; 1.042      ;
; 0.703 ; pCounter[0] ; pCounter[1]        ; clk          ; clk         ; 0.000        ; 0.098      ; 1.042      ;
; 0.704 ; pCounter[0] ; ControlBus[0]~reg0 ; clk          ; clk         ; 0.000        ; 0.098      ; 1.043      ;
; 0.831 ; pCounter[2] ; ControlBus[5]~reg0 ; clk          ; clk         ; 0.000        ; 0.098      ; 1.170      ;
; 0.852 ; pCounter[2] ; ControlBus[0]~reg0 ; clk          ; clk         ; 0.000        ; 0.098      ; 1.191      ;
; 0.910 ; pCounter[1] ; ControlBus[2]~reg0 ; clk          ; clk         ; 0.000        ; 0.098      ; 1.249      ;
; 0.943 ; pCounter[2] ; ControlBus[1]~reg0 ; clk          ; clk         ; 0.000        ; 0.098      ; 1.282      ;
; 0.945 ; pCounter[1] ; pCounter[2]        ; clk          ; clk         ; 0.000        ; 0.098      ; 1.284      ;
; 0.960 ; pCounter[1] ; ControlBus[4]~reg0 ; clk          ; clk         ; 0.000        ; 0.098      ; 1.299      ;
; 0.961 ; pCounter[1] ; ControlBus[3]~reg0 ; clk          ; clk         ; 0.000        ; 0.098      ; 1.300      ;
; 1.029 ; pCounter[1] ; ControlBus[0]~reg0 ; clk          ; clk         ; 0.000        ; 0.098      ; 1.368      ;
; 1.092 ; pCounter[0] ; ControlBus[1]~reg0 ; clk          ; clk         ; 0.000        ; 0.098      ; 1.431      ;
; 1.111 ; pCounter[0] ; ControlBus[3]~reg0 ; clk          ; clk         ; 0.000        ; 0.098      ; 1.450      ;
; 1.111 ; pCounter[0] ; ControlBus[4]~reg0 ; clk          ; clk         ; 0.000        ; 0.098      ; 1.450      ;
; 1.247 ; pCounter[2] ; ControlBus[3]~reg0 ; clk          ; clk         ; 0.000        ; 0.098      ; 1.586      ;
; 1.247 ; pCounter[2] ; ControlBus[4]~reg0 ; clk          ; clk         ; 0.000        ; 0.098      ; 1.586      ;
; 1.308 ; pCounter[1] ; ControlBus[1]~reg0 ; clk          ; clk         ; 0.000        ; 0.098      ; 1.647      ;
+-------+-------------+--------------------+--------------+-------------+--------------+------------+------------+


------------------------------------------------
; Slow 1000mV 100C Model Metastability Summary ;
------------------------------------------------
No synchronizer chains to report.


+-----------------------------------------------------------------------------------------------------------+
; Slow 1000mV -40C Model Fmax Summary                                                                       ;
+------------+-----------------+------------+---------------------------------------------------------------+
; Fmax       ; Restricted Fmax ; Clock Name ; Note                                                          ;
+------------+-----------------+------------+---------------------------------------------------------------+
; 530.79 MHz ; 250.0 MHz       ; clk        ; limit due to minimum period restriction (max I/O toggle rate) ;
+------------+-----------------+------------+---------------------------------------------------------------+
This panel reports FMAX for every clock in the design, regardless of the user-specified clock periods.  FMAX is only computed for paths where the source and destination registers or ports are driven by the same clock.  Paths of different clocks, including generated clocks, are ignored.  For paths between a clock and its inversion, FMAX is computed as if the rising and falling edges are scaled along with FMAX, such that the duty cycle (in terms of a percentage) is maintained. Altera recommends that you always use clock constraints and other slack reports for sign-off analysis.


+--------------------------------------+
; Slow 1000mV -40C Model Setup Summary ;
+-------+--------+---------------------+
; Clock ; Slack  ; End Point TNS       ;
+-------+--------+---------------------+
; clk   ; -0.884 ; -5.020              ;
+-------+--------+---------------------+


+-------------------------------------+
; Slow 1000mV -40C Model Hold Summary ;
+-------+-------+---------------------+
; Clock ; Slack ; End Point TNS       ;
+-------+-------+---------------------+
; clk   ; 0.496 ; 0.000               ;
+-------+-------+---------------------+


-------------------------------------------
; Slow 1000mV -40C Model Recovery Summary ;
-------------------------------------------
No paths to report.


------------------------------------------
; Slow 1000mV -40C Model Removal Summary ;
------------------------------------------
No paths to report.


+----------------------------------------------------+
; Slow 1000mV -40C Model Minimum Pulse Width Summary ;
+-------+--------+-----------------------------------+
; Clock ; Slack  ; End Point TNS                     ;
+-------+--------+-----------------------------------+
; clk   ; -3.000 ; -18.867                           ;
+-------+--------+-----------------------------------+


+-----------------------------------------------------------------------------------------------------------------+
; Slow 1000mV -40C Model Setup: 'clk'                                                                             ;
+--------+-------------+--------------------+--------------+-------------+--------------+------------+------------+
; Slack  ; From Node   ; To Node            ; Launch Clock ; Latch Clock ; Relationship ; Clock Skew ; Data Delay ;
+--------+-------------+--------------------+--------------+-------------+--------------+------------+------------+
; -0.884 ; pCounter[1] ; ControlBus[1]~reg0 ; clk          ; clk         ; 1.000        ; -0.092     ; 1.808      ;
; -0.842 ; pCounter[2] ; ControlBus[3]~reg0 ; clk          ; clk         ; 1.000        ; -0.092     ; 1.766      ;
; -0.841 ; pCounter[2] ; ControlBus[4]~reg0 ; clk          ; clk         ; 1.000        ; -0.092     ; 1.765      ;
; -0.687 ; pCounter[0] ; ControlBus[3]~reg0 ; clk          ; clk         ; 1.000        ; -0.092     ; 1.611      ;
; -0.686 ; pCounter[0] ; ControlBus[4]~reg0 ; clk          ; clk         ; 1.000        ; -0.092     ; 1.610      ;
; -0.684 ; pCounter[0] ; ControlBus[1]~reg0 ; clk          ; clk         ; 1.000        ; -0.092     ; 1.608      ;
; -0.612 ; pCounter[1] ; ControlBus[0]~reg0 ; clk          ; clk         ; 1.000        ; -0.092     ; 1.536      ;
; -0.572 ; pCounter[1] ; pCounter[2]        ; clk          ; clk         ; 1.000        ; -0.092     ; 1.496      ;
; -0.516 ; pCounter[2] ; ControlBus[1]~reg0 ; clk          ; clk         ; 1.000        ; -0.092     ; 1.440      ;
; -0.510 ; pCounter[1] ; ControlBus[3]~reg0 ; clk          ; clk         ; 1.000        ; -0.092     ; 1.434      ;
; -0.510 ; pCounter[1] ; ControlBus[4]~reg0 ; clk          ; clk         ; 1.000        ; -0.092     ; 1.434      ;
; -0.490 ; pCounter[1] ; ControlBus[2]~reg0 ; clk          ; clk         ; 1.000        ; -0.092     ; 1.414      ;
; -0.441 ; pCounter[2] ; ControlBus[0]~reg0 ; clk          ; clk         ; 1.000        ; -0.092     ; 1.365      ;
; -0.435 ; pCounter[2] ; ControlBus[5]~reg0 ; clk          ; clk         ; 1.000        ; -0.092     ; 1.359      ;
; -0.290 ; pCounter[0] ; ControlBus[2]~reg0 ; clk          ; clk         ; 1.000        ; -0.092     ; 1.214      ;
; -0.280 ; pCounter[0] ; ControlBus[5]~reg0 ; clk          ; clk         ; 1.000        ; -0.092     ; 1.204      ;
; -0.279 ; pCounter[0] ; ControlBus[0]~reg0 ; clk          ; clk         ; 1.000        ; -0.092     ; 1.203      ;
; -0.278 ; pCounter[0] ; pCounter[1]        ; clk          ; clk         ; 1.000        ; -0.092     ; 1.202      ;
; -0.278 ; pCounter[0] ; pCounter[2]        ; clk          ; clk         ; 1.000        ; -0.092     ; 1.202      ;
; -0.122 ; pCounter[2] ; ControlBus[2]~reg0 ; clk          ; clk         ; 1.000        ; -0.092     ; 1.046      ;
; -0.100 ; pCounter[1] ; ControlBus[5]~reg0 ; clk          ; clk         ; 1.000        ; -0.092     ; 1.024      ;
; -0.066 ; pCounter[0] ; pCounter[0]        ; clk          ; clk         ; 1.000        ; -0.092     ; 0.990      ;
; -0.066 ; pCounter[2] ; pCounter[2]        ; clk          ; clk         ; 1.000        ; -0.092     ; 0.990      ;
; -0.066 ; pCounter[1] ; pCounter[1]        ; clk          ; clk         ; 1.000        ; -0.092     ; 0.990      ;
+--------+-------------+--------------------+--------------+-------------+--------------+------------+------------+


+----------------------------------------------------------------------------------------------------------------+
; Slow 1000mV -40C Model Hold: 'clk'                                                                             ;
+-------+-------------+--------------------+--------------+-------------+--------------+------------+------------+
; Slack ; From Node   ; To Node            ; Launch Clock ; Latch Clock ; Relationship ; Clock Skew ; Data Delay ;
+-------+-------------+--------------------+--------------+-------------+--------------+------------+------------+
; 0.496 ; pCounter[2] ; pCounter[2]        ; clk          ; clk         ; 0.000        ; 0.092      ; 0.849      ;
; 0.496 ; pCounter[1] ; pCounter[1]        ; clk          ; clk         ; 0.000        ; 0.092      ; 0.849      ;
; 0.516 ; pCounter[0] ; pCounter[0]        ; clk          ; clk         ; 0.000        ; 0.092      ; 0.869      ;
; 0.517 ; pCounter[2] ; ControlBus[2]~reg0 ; clk          ; clk         ; 0.000        ; 0.092      ; 0.870      ;
; 0.541 ; pCounter[1] ; ControlBus[5]~reg0 ; clk          ; clk         ; 0.000        ; 0.092      ; 0.894      ;
; 0.667 ; pCounter[0] ; ControlBus[2]~reg0 ; clk          ; clk         ; 0.000        ; 0.092      ; 1.020      ;
; 0.667 ; pCounter[0] ; ControlBus[5]~reg0 ; clk          ; clk         ; 0.000        ; 0.092      ; 1.020      ;
; 0.671 ; pCounter[0] ; pCounter[2]        ; clk          ; clk         ; 0.000        ; 0.092      ; 1.024      ;
; 0.671 ; pCounter[0] ; pCounter[1]        ; clk          ; clk         ; 0.000        ; 0.092      ; 1.024      ;
; 0.672 ; pCounter[0] ; ControlBus[0]~reg0 ; clk          ; clk         ; 0.000        ; 0.092      ; 1.025      ;
; 0.790 ; pCounter[2] ; ControlBus[5]~reg0 ; clk          ; clk         ; 0.000        ; 0.092      ; 1.143      ;
; 0.828 ; pCounter[2] ; ControlBus[0]~reg0 ; clk          ; clk         ; 0.000        ; 0.092      ; 1.181      ;
; 0.875 ; pCounter[1] ; ControlBus[2]~reg0 ; clk          ; clk         ; 0.000        ; 0.092      ; 1.228      ;
; 0.896 ; pCounter[2] ; ControlBus[1]~reg0 ; clk          ; clk         ; 0.000        ; 0.092      ; 1.249      ;
; 0.900 ; pCounter[1] ; pCounter[2]        ; clk          ; clk         ; 0.000        ; 0.092      ; 1.253      ;
; 0.931 ; pCounter[1] ; ControlBus[3]~reg0 ; clk          ; clk         ; 0.000        ; 0.092      ; 1.284      ;
; 0.931 ; pCounter[1] ; ControlBus[4]~reg0 ; clk          ; clk         ; 0.000        ; 0.092      ; 1.284      ;
; 0.978 ; pCounter[1] ; ControlBus[0]~reg0 ; clk          ; clk         ; 0.000        ; 0.092      ; 1.331      ;
; 1.046 ; pCounter[0] ; ControlBus[1]~reg0 ; clk          ; clk         ; 0.000        ; 0.092      ; 1.399      ;
; 1.060 ; pCounter[0] ; ControlBus[4]~reg0 ; clk          ; clk         ; 0.000        ; 0.092      ; 1.413      ;
; 1.061 ; pCounter[0] ; ControlBus[3]~reg0 ; clk          ; clk         ; 0.000        ; 0.092      ; 1.414      ;
; 1.183 ; pCounter[2] ; ControlBus[4]~reg0 ; clk          ; clk         ; 0.000        ; 0.092      ; 1.536      ;
; 1.184 ; pCounter[2] ; ControlBus[3]~reg0 ; clk          ; clk         ; 0.000        ; 0.092      ; 1.537      ;
; 1.254 ; pCounter[1] ; ControlBus[1]~reg0 ; clk          ; clk         ; 0.000        ; 0.092      ; 1.607      ;
+-------+-------------+--------------------+--------------+-------------+--------------+------------+------------+


------------------------------------------------
; Slow 1000mV -40C Model Metastability Summary ;
------------------------------------------------
No synchronizer chains to report.


+--------------------------------------+
; Fast 1000mV -40C Model Setup Summary ;
+-------+--------+---------------------+
; Clock ; Slack  ; End Point TNS       ;
+-------+--------+---------------------+
; clk   ; -0.044 ; -0.087              ;
+-------+--------+---------------------+


+-------------------------------------+
; Fast 1000mV -40C Model Hold Summary ;
+-------+-------+---------------------+
; Clock ; Slack ; End Point TNS       ;
+-------+-------+---------------------+
; clk   ; 0.274 ; 0.000               ;
+-------+-------+---------------------+


-------------------------------------------
; Fast 1000mV -40C Model Recovery Summary ;
-------------------------------------------
No paths to report.


------------------------------------------
; Fast 1000mV -40C Model Removal Summary ;
------------------------------------------
No paths to report.


+----------------------------------------------------+
; Fast 1000mV -40C Model Minimum Pulse Width Summary ;
+-------+--------+-----------------------------------+
; Clock ; Slack  ; End Point TNS                     ;
+-------+--------+-----------------------------------+
; clk   ; -3.000 ; -18.867                           ;
+-------+--------+-----------------------------------+


+-----------------------------------------------------------------------------------------------------------------+
; Fast 1000mV -40C Model Setup: 'clk'                                                                             ;
+--------+-------------+--------------------+--------------+-------------+--------------+------------+------------+
; Slack  ; From Node   ; To Node            ; Launch Clock ; Latch Clock ; Relationship ; Clock Skew ; Data Delay ;
+--------+-------------+--------------------+--------------+-------------+--------------+------------+------------+
; -0.044 ; pCounter[1] ; ControlBus[1]~reg0 ; clk          ; clk         ; 1.000        ; -0.052     ; 0.987      ;
; -0.022 ; pCounter[2] ; ControlBus[3]~reg0 ; clk          ; clk         ; 1.000        ; -0.052     ; 0.965      ;
; -0.021 ; pCounter[2] ; ControlBus[4]~reg0 ; clk          ; clk         ; 1.000        ; -0.052     ; 0.964      ;
; 0.088  ; pCounter[0] ; ControlBus[3]~reg0 ; clk          ; clk         ; 1.000        ; -0.052     ; 0.855      ;
; 0.089  ; pCounter[0] ; ControlBus[4]~reg0 ; clk          ; clk         ; 1.000        ; -0.052     ; 0.854      ;
; 0.093  ; pCounter[0] ; ControlBus[1]~reg0 ; clk          ; clk         ; 1.000        ; -0.052     ; 0.850      ;
; 0.094  ; pCounter[1] ; ControlBus[0]~reg0 ; clk          ; clk         ; 1.000        ; -0.052     ; 0.849      ;
; 0.117  ; pCounter[1] ; pCounter[2]        ; clk          ; clk         ; 1.000        ; -0.052     ; 0.826      ;
; 0.150  ; pCounter[1] ; ControlBus[3]~reg0 ; clk          ; clk         ; 1.000        ; -0.052     ; 0.793      ;
; 0.152  ; pCounter[1] ; ControlBus[4]~reg0 ; clk          ; clk         ; 1.000        ; -0.052     ; 0.791      ;
; 0.171  ; pCounter[1] ; ControlBus[2]~reg0 ; clk          ; clk         ; 1.000        ; -0.052     ; 0.772      ;
; 0.174  ; pCounter[2] ; ControlBus[1]~reg0 ; clk          ; clk         ; 1.000        ; -0.052     ; 0.769      ;
; 0.200  ; pCounter[2] ; ControlBus[0]~reg0 ; clk          ; clk         ; 1.000        ; -0.052     ; 0.743      ;
; 0.202  ; pCounter[2] ; ControlBus[5]~reg0 ; clk          ; clk         ; 1.000        ; -0.052     ; 0.741      ;
; 0.291  ; pCounter[0] ; ControlBus[0]~reg0 ; clk          ; clk         ; 1.000        ; -0.052     ; 0.652      ;
; 0.291  ; pCounter[0] ; pCounter[2]        ; clk          ; clk         ; 1.000        ; -0.052     ; 0.652      ;
; 0.292  ; pCounter[0] ; pCounter[1]        ; clk          ; clk         ; 1.000        ; -0.052     ; 0.651      ;
; 0.308  ; pCounter[0] ; ControlBus[2]~reg0 ; clk          ; clk         ; 1.000        ; -0.052     ; 0.635      ;
; 0.312  ; pCounter[0] ; ControlBus[5]~reg0 ; clk          ; clk         ; 1.000        ; -0.052     ; 0.631      ;
; 0.387  ; pCounter[1] ; ControlBus[5]~reg0 ; clk          ; clk         ; 1.000        ; -0.052     ; 0.556      ;
; 0.389  ; pCounter[2] ; ControlBus[2]~reg0 ; clk          ; clk         ; 1.000        ; -0.052     ; 0.554      ;
; 0.421  ; pCounter[0] ; pCounter[0]        ; clk          ; clk         ; 1.000        ; -0.052     ; 0.522      ;
; 0.421  ; pCounter[2] ; pCounter[2]        ; clk          ; clk         ; 1.000        ; -0.052     ; 0.522      ;
; 0.421  ; pCounter[1] ; pCounter[1]        ; clk          ; clk         ; 1.000        ; -0.052     ; 0.522      ;
+--------+-------------+--------------------+--------------+-------------+--------------+------------+------------+


+----------------------------------------------------------------------------------------------------------------+
; Fast 1000mV -40C Model Hold: 'clk'                                                                             ;
+-------+-------------+--------------------+--------------+-------------+--------------+------------+------------+
; Slack ; From Node   ; To Node            ; Launch Clock ; Latch Clock ; Relationship ; Clock Skew ; Data Delay ;
+-------+-------------+--------------------+--------------+-------------+--------------+------------+------------+
; 0.274 ; pCounter[2] ; pCounter[2]        ; clk          ; clk         ; 0.000        ; 0.052      ; 0.454      ;
; 0.274 ; pCounter[1] ; pCounter[1]        ; clk          ; clk         ; 0.000        ; 0.052      ; 0.454      ;
; 0.274 ; pCounter[0] ; pCounter[0]        ; clk          ; clk         ; 0.000        ; 0.052      ; 0.454      ;
; 0.291 ; pCounter[1] ; ControlBus[5]~reg0 ; clk          ; clk         ; 0.000        ; 0.052      ; 0.471      ;
; 0.292 ; pCounter[2] ; ControlBus[2]~reg0 ; clk          ; clk         ; 0.000        ; 0.052      ; 0.472      ;
; 0.368 ; pCounter[0] ; ControlBus[5]~reg0 ; clk          ; clk         ; 0.000        ; 0.052      ; 0.548      ;
; 0.369 ; pCounter[0] ; ControlBus[2]~reg0 ; clk          ; clk         ; 0.000        ; 0.052      ; 0.549      ;
; 0.374 ; pCounter[0] ; pCounter[2]        ; clk          ; clk         ; 0.000        ; 0.052      ; 0.554      ;
; 0.374 ; pCounter[0] ; pCounter[1]        ; clk          ; clk         ; 0.000        ; 0.052      ; 0.554      ;
; 0.377 ; pCounter[0] ; ControlBus[0]~reg0 ; clk          ; clk         ; 0.000        ; 0.052      ; 0.557      ;
; 0.437 ; pCounter[2] ; ControlBus[5]~reg0 ; clk          ; clk         ; 0.000        ; 0.052      ; 0.617      ;
; 0.444 ; pCounter[2] ; ControlBus[0]~reg0 ; clk          ; clk         ; 0.000        ; 0.052      ; 0.624      ;
; 0.478 ; pCounter[1] ; ControlBus[2]~reg0 ; clk          ; clk         ; 0.000        ; 0.052      ; 0.658      ;
; 0.495 ; pCounter[1] ; pCounter[2]        ; clk          ; clk         ; 0.000        ; 0.052      ; 0.675      ;
; 0.506 ; pCounter[1] ; ControlBus[4]~reg0 ; clk          ; clk         ; 0.000        ; 0.052      ; 0.686      ;
; 0.507 ; pCounter[1] ; ControlBus[3]~reg0 ; clk          ; clk         ; 0.000        ; 0.052      ; 0.687      ;
; 0.509 ; pCounter[2] ; ControlBus[1]~reg0 ; clk          ; clk         ; 0.000        ; 0.052      ; 0.689      ;
; 0.539 ; pCounter[1] ; ControlBus[0]~reg0 ; clk          ; clk         ; 0.000        ; 0.052      ; 0.719      ;
; 0.586 ; pCounter[0] ; ControlBus[1]~reg0 ; clk          ; clk         ; 0.000        ; 0.052      ; 0.766      ;
; 0.594 ; pCounter[0] ; ControlBus[4]~reg0 ; clk          ; clk         ; 0.000        ; 0.052      ; 0.774      ;
; 0.596 ; pCounter[0] ; ControlBus[3]~reg0 ; clk          ; clk         ; 0.000        ; 0.052      ; 0.776      ;
; 0.663 ; pCounter[2] ; ControlBus[4]~reg0 ; clk          ; clk         ; 0.000        ; 0.052      ; 0.843      ;
; 0.665 ; pCounter[2] ; ControlBus[3]~reg0 ; clk          ; clk         ; 0.000        ; 0.052      ; 0.845      ;
; 0.695 ; pCounter[1] ; ControlBus[1]~reg0 ; clk          ; clk         ; 0.000        ; 0.052      ; 0.875      ;
+-------+-------------+--------------------+--------------+-------------+--------------+------------+------------+


------------------------------------------------
; Fast 1000mV -40C Model Metastability Summary ;
------------------------------------------------
No synchronizer chains to report.


+------------------------------------------------------------------------------+
; Multicorner Timing Analysis Summary                                          ;
+------------------+--------+-------+----------+---------+---------------------+
; Clock            ; Setup  ; Hold  ; Recovery ; Removal ; Minimum Pulse Width ;
+------------------+--------+-------+----------+---------+---------------------+
; Worst-case Slack ; -0.936 ; 0.274 ; N/A      ; N/A     ; -3.000              ;
;  clk             ; -0.936 ; 0.274 ; N/A      ; N/A     ; -3.000              ;
; Design-wide TNS  ; -5.367 ; 0.0   ; 0.0      ; 0.0     ; -18.867             ;
;  clk             ; -5.367 ; 0.000 ; N/A      ; N/A     ; -18.867             ;
+------------------+--------+-------+----------+---------+---------------------+


+------------------------------------------------------------------------------------------------------------------------------------------------------------------------------------------------------------------------------------------------------------------------------------------------------------------------------------------------------------------------------------------------------------------+
; Board Trace Model Assignments                                                                                                                                                                                                                                                                                                                                                                                    ;
+---------------+--------------+-------------------+-------------------------+-------------------------+---------------+---------------------+----------------+------------------+--------+------------------+------------------------+------------------------+--------------+---------------+-----------------+-------+---------------------+--------------------+---------------+-----------------+-------------+
; Pin           ; I/O Standard ; Near Tline Length ; Near Tline L per Length ; Near Tline C per Length ; Near Series R ; Near Differential R ; Near Pull-up R ; Near Pull-down R ; Near C ; Far Tline Length ; Far Tline L per Length ; Far Tline C per Length ; Far Series R ; Far Pull-up R ; Far Pull-down R ; Far C ; Termination Voltage ; Far Differential R ; EBD File Name ; EBD Signal Name ; EBD Far-end ;
+---------------+--------------+-------------------+-------------------------+-------------------------+---------------+---------------------+----------------+------------------+--------+------------------+------------------------+------------------------+--------------+---------------+-----------------+-------+---------------------+--------------------+---------------+-----------------+-------------+
; ControlBus[0] ; 2.5 V        ; 0 in              ; 0 H/in                  ; 0 F/in                  ; short         ; -                   ; open           ; open             ; open   ; 0 in             ; 0 H/in                 ; 0 F/in                 ; short        ; open          ; open            ; open  ; 0 V                 ; -                  ; n/a           ; n/a             ; n/a         ;
; ControlBus[1] ; 2.5 V        ; 0 in              ; 0 H/in                  ; 0 F/in                  ; short         ; -                   ; open           ; open             ; open   ; 0 in             ; 0 H/in                 ; 0 F/in                 ; short        ; open          ; open            ; open  ; 0 V                 ; -                  ; n/a           ; n/a             ; n/a         ;
; ControlBus[2] ; 2.5 V        ; 0 in              ; 0 H/in                  ; 0 F/in                  ; short         ; -                   ; open           ; open             ; open   ; 0 in             ; 0 H/in                 ; 0 F/in                 ; short        ; open          ; open            ; open  ; 0 V                 ; -                  ; n/a           ; n/a             ; n/a         ;
; ControlBus[3] ; 2.5 V        ; 0 in              ; 0 H/in                  ; 0 F/in                  ; short         ; -                   ; open           ; open             ; open   ; 0 in             ; 0 H/in                 ; 0 F/in                 ; short        ; open          ; open            ; open  ; 0 V                 ; -                  ; n/a           ; n/a             ; n/a         ;
; ControlBus[4] ; 2.5 V        ; 0 in              ; 0 H/in                  ; 0 F/in                  ; short         ; -                   ; open           ; open             ; open   ; 0 in             ; 0 H/in                 ; 0 F/in                 ; short        ; open          ; open            ; open  ; 0 V                 ; -                  ; n/a           ; n/a             ; n/a         ;
; ControlBus[5] ; 2.5 V        ; 0 in              ; 0 H/in                  ; 0 F/in                  ; short         ; -                   ; open           ; open             ; open   ; 0 in             ; 0 H/in                 ; 0 F/in                 ; short        ; open          ; open            ; open  ; 0 V                 ; -                  ; n/a           ; n/a             ; n/a         ;
; ControlBus[6] ; 2.5 V        ; 0 in              ; 0 H/in                  ; 0 F/in                  ; short         ; -                   ; open           ; open             ; open   ; 0 in             ; 0 H/in                 ; 0 F/in                 ; short        ; open          ; open            ; open  ; 0 V                 ; -                  ; n/a           ; n/a             ; n/a         ;
; ~ALTERA_DCLK~ ; 2.5 V        ; 0 in              ; 0 H/in                  ; 0 F/in                  ; short         ; -                   ; open           ; open             ; open   ; 0 in             ; 0 H/in                 ; 0 F/in                 ; short        ; open          ; open            ; open  ; 0 V                 ; -                  ; n/a           ; n/a             ; n/a         ;
; ~ALTERA_nCEO~ ; 2.5 V        ; 0 in              ; 0 H/in                  ; 0 F/in                  ; short         ; -                   ; open           ; open             ; open   ; 0 in             ; 0 H/in                 ; 0 F/in                 ; short        ; open          ; open            ; open  ; 0 V                 ; -                  ; n/a           ; n/a             ; n/a         ;
+---------------+--------------+-------------------+-------------------------+-------------------------+---------------+---------------------+----------------+------------------+--------+------------------+------------------------+------------------------+--------------+---------------+-----------------+-------+---------------------+--------------------+---------------+-----------------+-------------+


+----------------------------------------------------------------------------+
; Input Transition Times                                                     ;
+-------------------------+--------------+-----------------+-----------------+
; Pin                     ; I/O Standard ; 10-90 Rise Time ; 90-10 Fall Time ;
+-------------------------+--------------+-----------------+-----------------+
; Z                       ; 2.5 V        ; 2000 ps         ; 2000 ps         ;
; clk                     ; 2.5 V        ; 2000 ps         ; 2000 ps         ;
; ~ALTERA_ASDO_DATA1~     ; 2.5 V        ; 2000 ps         ; 2000 ps         ;
; ~ALTERA_FLASH_nCE_nCSO~ ; 2.5 V        ; 2000 ps         ; 2000 ps         ;
; ~ALTERA_DATA0~          ; 2.5 V        ; 2000 ps         ; 2000 ps         ;
+-------------------------+--------------+-----------------+-----------------+


+--------------------------------------------------------------------------------------------------------------------------------------------------------------------------------------------------------------------------------------------------------------------------------------------------------------------------------------------------------------------------------------------------------------------------------------------------------------------------------------------------------------------------------------------------------------------------------------------------------------------------------------------------------------------------------------------+
; Signal Integrity Metrics (Slow 1000mv n40c Model)                                                                                                                                                                                                                                                                                                                                                                                                                                                                                                                                                                                                                                          ;
+---------------+--------------+---------------------+---------------------+------------------------------+------------------------------+---------------------+---------------------+--------------------------------------+--------------------------------------+-----------------------------+-----------------------------+----------------------------+----------------------------+-----------------------------+-----------------------------+--------------------+--------------------+-------------------------------------+-------------------------------------+----------------------------+----------------------------+---------------------------+---------------------------+
; Pin           ; I/O Standard ; Board Delay on Rise ; Board Delay on Fall ; Steady State Voh at FPGA Pin ; Steady State Vol at FPGA Pin ; Voh Max at FPGA Pin ; Vol Min at FPGA Pin ; Ringback Voltage on Rise at FPGA Pin ; Ringback Voltage on Fall at FPGA Pin ; 10-90 Rise Time at FPGA Pin ; 90-10 Fall Time at FPGA Pin ; Monotonic Rise at FPGA Pin ; Monotonic Fall at FPGA Pin ; Steady State Voh at Far-end ; Steady State Vol at Far-end ; Voh Max at Far-end ; Vol Min at Far-end ; Ringback Voltage on Rise at Far-end ; Ringback Voltage on Fall at Far-end ; 10-90 Rise Time at Far-end ; 90-10 Fall Time at Far-end ; Monotonic Rise at Far-end ; Monotonic Fall at Far-end ;
+---------------+--------------+---------------------+---------------------+------------------------------+------------------------------+---------------------+---------------------+--------------------------------------+--------------------------------------+-----------------------------+-----------------------------+----------------------------+----------------------------+-----------------------------+-----------------------------+--------------------+--------------------+-------------------------------------+-------------------------------------+----------------------------+----------------------------+---------------------------+---------------------------+
; ControlBus[0] ; 2.5 V        ; 0 s                 ; 0 s                 ; 2.32 V                       ; 1.2e-09 V                    ; 2.4 V               ; -0.0202 V           ; 0.147 V                              ; 0.031 V                              ; 4.64e-10 s                  ; 4.26e-10 s                  ; No                         ; Yes                        ; 2.32 V                      ; 1.2e-09 V                   ; 2.4 V              ; -0.0202 V          ; 0.147 V                             ; 0.031 V                             ; 4.64e-10 s                 ; 4.26e-10 s                 ; No                        ; Yes                       ;
; ControlBus[1] ; 2.5 V        ; 0 s                 ; 0 s                 ; 2.32 V                       ; 1.2e-09 V                    ; 2.4 V               ; -0.0202 V           ; 0.147 V                              ; 0.031 V                              ; 4.64e-10 s                  ; 4.26e-10 s                  ; No                         ; Yes                        ; 2.32 V                      ; 1.2e-09 V                   ; 2.4 V              ; -0.0202 V          ; 0.147 V                             ; 0.031 V                             ; 4.64e-10 s                 ; 4.26e-10 s                 ; No                        ; Yes                       ;
; ControlBus[2] ; 2.5 V        ; 0 s                 ; 0 s                 ; 2.32 V                       ; 1.2e-09 V                    ; 2.4 V               ; -0.0202 V           ; 0.147 V                              ; 0.031 V                              ; 4.64e-10 s                  ; 4.26e-10 s                  ; No                         ; Yes                        ; 2.32 V                      ; 1.2e-09 V                   ; 2.4 V              ; -0.0202 V          ; 0.147 V                             ; 0.031 V                             ; 4.64e-10 s                 ; 4.26e-10 s                 ; No                        ; Yes                       ;
; ControlBus[3] ; 2.5 V        ; 0 s                 ; 0 s                 ; 2.32 V                       ; 1.2e-09 V                    ; 2.4 V               ; -0.0202 V           ; 0.147 V                              ; 0.031 V                              ; 4.64e-10 s                  ; 4.26e-10 s                  ; No                         ; Yes                        ; 2.32 V                      ; 1.2e-09 V                   ; 2.4 V              ; -0.0202 V          ; 0.147 V                             ; 0.031 V                             ; 4.64e-10 s                 ; 4.26e-10 s                 ; No                        ; Yes                       ;
; ControlBus[4] ; 2.5 V        ; 0 s                 ; 0 s                 ; 2.32 V                       ; 1.2e-09 V                    ; 2.4 V               ; -0.0221 V           ; 0.161 V                              ; 0.028 V                              ; 2.73e-10 s                  ; 2.88e-10 s                  ; Yes                        ; Yes                        ; 2.32 V                      ; 1.2e-09 V                   ; 2.4 V              ; -0.0221 V          ; 0.161 V                             ; 0.028 V                             ; 2.73e-10 s                 ; 2.88e-10 s                 ; Yes                       ; Yes                       ;
; ControlBus[5] ; 2.5 V        ; 0 s                 ; 0 s                 ; 2.32 V                       ; 1.2e-09 V                    ; 2.4 V               ; -0.0202 V           ; 0.147 V                              ; 0.031 V                              ; 4.64e-10 s                  ; 4.26e-10 s                  ; No                         ; Yes                        ; 2.32 V                      ; 1.2e-09 V                   ; 2.4 V              ; -0.0202 V          ; 0.147 V                             ; 0.031 V                             ; 4.64e-10 s                 ; 4.26e-10 s                 ; No                        ; Yes                       ;
; ControlBus[6] ; 2.5 V        ; 0 s                 ; 0 s                 ; 2.32 V                       ; 1.2e-09 V                    ; 2.4 V               ; -0.0202 V           ; 0.147 V                              ; 0.031 V                              ; 4.64e-10 s                  ; 4.26e-10 s                  ; No                         ; Yes                        ; 2.32 V                      ; 1.2e-09 V                   ; 2.4 V              ; -0.0202 V          ; 0.147 V                             ; 0.031 V                             ; 4.64e-10 s                 ; 4.26e-10 s                 ; No                        ; Yes                       ;
; ~ALTERA_DCLK~ ; 2.5 V        ; 0 s                 ; 0 s                 ; 2.32 V                       ; 8.78e-10 V                   ; 2.4 V               ; -0.0686 V           ; 0.125 V                              ; 0.094 V                              ; 2.65e-10 s                  ; 2.36e-10 s                  ; Yes                        ; Yes                        ; 2.32 V                      ; 8.78e-10 V                  ; 2.4 V              ; -0.0686 V          ; 0.125 V                             ; 0.094 V                             ; 2.65e-10 s                 ; 2.36e-10 s                 ; Yes                       ; Yes                       ;
; ~ALTERA_nCEO~ ; 2.5 V        ; 0 s                 ; 0 s                 ; 2.32 V                       ; 1.6e-09 V                    ; 2.4 V               ; -0.0251 V           ; 0.127 V                              ; 0.069 V                              ; 4.5e-10 s                   ; 5.62e-10 s                  ; No                         ; Yes                        ; 2.32 V                      ; 1.6e-09 V                   ; 2.4 V              ; -0.0251 V          ; 0.127 V                             ; 0.069 V                             ; 4.5e-10 s                  ; 5.62e-10 s                 ; No                        ; Yes                       ;
+---------------+--------------+---------------------+---------------------+------------------------------+------------------------------+---------------------+---------------------+--------------------------------------+--------------------------------------+-----------------------------+-----------------------------+----------------------------+----------------------------+-----------------------------+-----------------------------+--------------------+--------------------+-------------------------------------+-------------------------------------+----------------------------+----------------------------+---------------------------+---------------------------+


+--------------------------------------------------------------------------------------------------------------------------------------------------------------------------------------------------------------------------------------------------------------------------------------------------------------------------------------------------------------------------------------------------------------------------------------------------------------------------------------------------------------------------------------------------------------------------------------------------------------------------------------------------------------------------------------------+
; Signal Integrity Metrics (Slow 1000mv 100c Model)                                                                                                                                                                                                                                                                                                                                                                                                                                                                                                                                                                                                                                          ;
+---------------+--------------+---------------------+---------------------+------------------------------+------------------------------+---------------------+---------------------+--------------------------------------+--------------------------------------+-----------------------------+-----------------------------+----------------------------+----------------------------+-----------------------------+-----------------------------+--------------------+--------------------+-------------------------------------+-------------------------------------+----------------------------+----------------------------+---------------------------+---------------------------+
; Pin           ; I/O Standard ; Board Delay on Rise ; Board Delay on Fall ; Steady State Voh at FPGA Pin ; Steady State Vol at FPGA Pin ; Voh Max at FPGA Pin ; Vol Min at FPGA Pin ; Ringback Voltage on Rise at FPGA Pin ; Ringback Voltage on Fall at FPGA Pin ; 10-90 Rise Time at FPGA Pin ; 90-10 Fall Time at FPGA Pin ; Monotonic Rise at FPGA Pin ; Monotonic Fall at FPGA Pin ; Steady State Voh at Far-end ; Steady State Vol at Far-end ; Voh Max at Far-end ; Vol Min at Far-end ; Ringback Voltage on Rise at Far-end ; Ringback Voltage on Fall at Far-end ; 10-90 Rise Time at Far-end ; 90-10 Fall Time at Far-end ; Monotonic Rise at Far-end ; Monotonic Fall at Far-end ;
+---------------+--------------+---------------------+---------------------+------------------------------+------------------------------+---------------------+---------------------+--------------------------------------+--------------------------------------+-----------------------------+-----------------------------+----------------------------+----------------------------+-----------------------------+-----------------------------+--------------------+--------------------+-------------------------------------+-------------------------------------+----------------------------+----------------------------+---------------------------+---------------------------+
; ControlBus[0] ; 2.5 V        ; 0 s                 ; 0 s                 ; 2.32 V                       ; 1.47e-06 V                   ; 2.35 V              ; -0.0192 V           ; 0.108 V                              ; 0.045 V                              ; 6.53e-10 s                  ; 6.19e-10 s                  ; Yes                        ; Yes                        ; 2.32 V                      ; 1.47e-06 V                  ; 2.35 V             ; -0.0192 V          ; 0.108 V                             ; 0.045 V                             ; 6.53e-10 s                 ; 6.19e-10 s                 ; Yes                       ; Yes                       ;
; ControlBus[1] ; 2.5 V        ; 0 s                 ; 0 s                 ; 2.32 V                       ; 1.47e-06 V                   ; 2.35 V              ; -0.0192 V           ; 0.108 V                              ; 0.045 V                              ; 6.53e-10 s                  ; 6.19e-10 s                  ; Yes                        ; Yes                        ; 2.32 V                      ; 1.47e-06 V                  ; 2.35 V             ; -0.0192 V          ; 0.108 V                             ; 0.045 V                             ; 6.53e-10 s                 ; 6.19e-10 s                 ; Yes                       ; Yes                       ;
; ControlBus[2] ; 2.5 V        ; 0 s                 ; 0 s                 ; 2.32 V                       ; 1.47e-06 V                   ; 2.35 V              ; -0.0192 V           ; 0.108 V                              ; 0.045 V                              ; 6.53e-10 s                  ; 6.19e-10 s                  ; Yes                        ; Yes                        ; 2.32 V                      ; 1.47e-06 V                  ; 2.35 V             ; -0.0192 V          ; 0.108 V                             ; 0.045 V                             ; 6.53e-10 s                 ; 6.19e-10 s                 ; Yes                       ; Yes                       ;
; ControlBus[3] ; 2.5 V        ; 0 s                 ; 0 s                 ; 2.32 V                       ; 1.47e-06 V                   ; 2.35 V              ; -0.0192 V           ; 0.108 V                              ; 0.045 V                              ; 6.53e-10 s                  ; 6.19e-10 s                  ; Yes                        ; Yes                        ; 2.32 V                      ; 1.47e-06 V                  ; 2.35 V             ; -0.0192 V          ; 0.108 V                             ; 0.045 V                             ; 6.53e-10 s                 ; 6.19e-10 s                 ; Yes                       ; Yes                       ;
; ControlBus[4] ; 2.5 V        ; 0 s                 ; 0 s                 ; 2.32 V                       ; 1.47e-06 V                   ; 2.35 V              ; -0.0225 V           ; 0.1 V                                ; 0.039 V                              ; 4.46e-10 s                  ; 4.26e-10 s                  ; Yes                        ; Yes                        ; 2.32 V                      ; 1.47e-06 V                  ; 2.35 V             ; -0.0225 V          ; 0.1 V                               ; 0.039 V                             ; 4.46e-10 s                 ; 4.26e-10 s                 ; Yes                       ; Yes                       ;
; ControlBus[5] ; 2.5 V        ; 0 s                 ; 0 s                 ; 2.32 V                       ; 1.47e-06 V                   ; 2.35 V              ; -0.0192 V           ; 0.108 V                              ; 0.045 V                              ; 6.53e-10 s                  ; 6.19e-10 s                  ; Yes                        ; Yes                        ; 2.32 V                      ; 1.47e-06 V                  ; 2.35 V             ; -0.0192 V          ; 0.108 V                             ; 0.045 V                             ; 6.53e-10 s                 ; 6.19e-10 s                 ; Yes                       ; Yes                       ;
; ControlBus[6] ; 2.5 V        ; 0 s                 ; 0 s                 ; 2.32 V                       ; 1.47e-06 V                   ; 2.35 V              ; -0.0192 V           ; 0.108 V                              ; 0.045 V                              ; 6.53e-10 s                  ; 6.19e-10 s                  ; Yes                        ; Yes                        ; 2.32 V                      ; 1.47e-06 V                  ; 2.35 V             ; -0.0192 V          ; 0.108 V                             ; 0.045 V                             ; 6.53e-10 s                 ; 6.19e-10 s                 ; Yes                       ; Yes                       ;
; ~ALTERA_DCLK~ ; 2.5 V        ; 0 s                 ; 0 s                 ; 2.32 V                       ; 1.18e-06 V                   ; 2.35 V              ; -0.0248 V           ; 0.076 V                              ; 0.049 V                              ; 4.18e-10 s                  ; 3.71e-10 s                  ; Yes                        ; Yes                        ; 2.32 V                      ; 1.18e-06 V                  ; 2.35 V             ; -0.0248 V          ; 0.076 V                             ; 0.049 V                             ; 4.18e-10 s                 ; 3.71e-10 s                 ; Yes                       ; Yes                       ;
; ~ALTERA_nCEO~ ; 2.5 V        ; 0 s                 ; 0 s                 ; 2.32 V                       ; 1.94e-06 V                   ; 2.35 V              ; -0.0163 V           ; 0.084 V                              ; 0.054 V                              ; 5.57e-10 s                  ; 7.93e-10 s                  ; Yes                        ; Yes                        ; 2.32 V                      ; 1.94e-06 V                  ; 2.35 V             ; -0.0163 V          ; 0.084 V                             ; 0.054 V                             ; 5.57e-10 s                 ; 7.93e-10 s                 ; Yes                       ; Yes                       ;
+---------------+--------------+---------------------+---------------------+------------------------------+------------------------------+---------------------+---------------------+--------------------------------------+--------------------------------------+-----------------------------+-----------------------------+----------------------------+----------------------------+-----------------------------+-----------------------------+--------------------+--------------------+-------------------------------------+-------------------------------------+----------------------------+----------------------------+---------------------------+---------------------------+


+--------------------------------------------------------------------------------------------------------------------------------------------------------------------------------------------------------------------------------------------------------------------------------------------------------------------------------------------------------------------------------------------------------------------------------------------------------------------------------------------------------------------------------------------------------------------------------------------------------------------------------------------------------------------------------------------+
; Signal Integrity Metrics (Fast 1000mv n40c Model)                                                                                                                                                                                                                                                                                                                                                                                                                                                                                                                                                                                                                                          ;
+---------------+--------------+---------------------+---------------------+------------------------------+------------------------------+---------------------+---------------------+--------------------------------------+--------------------------------------+-----------------------------+-----------------------------+----------------------------+----------------------------+-----------------------------+-----------------------------+--------------------+--------------------+-------------------------------------+-------------------------------------+----------------------------+----------------------------+---------------------------+---------------------------+
; Pin           ; I/O Standard ; Board Delay on Rise ; Board Delay on Fall ; Steady State Voh at FPGA Pin ; Steady State Vol at FPGA Pin ; Voh Max at FPGA Pin ; Vol Min at FPGA Pin ; Ringback Voltage on Rise at FPGA Pin ; Ringback Voltage on Fall at FPGA Pin ; 10-90 Rise Time at FPGA Pin ; 90-10 Fall Time at FPGA Pin ; Monotonic Rise at FPGA Pin ; Monotonic Fall at FPGA Pin ; Steady State Voh at Far-end ; Steady State Vol at Far-end ; Voh Max at Far-end ; Vol Min at Far-end ; Ringback Voltage on Rise at Far-end ; Ringback Voltage on Fall at Far-end ; 10-90 Rise Time at Far-end ; 90-10 Fall Time at Far-end ; Monotonic Rise at Far-end ; Monotonic Fall at Far-end ;
+---------------+--------------+---------------------+---------------------+------------------------------+------------------------------+---------------------+---------------------+--------------------------------------+--------------------------------------+-----------------------------+-----------------------------+----------------------------+----------------------------+-----------------------------+-----------------------------+--------------------+--------------------+-------------------------------------+-------------------------------------+----------------------------+----------------------------+---------------------------+---------------------------+
; ControlBus[0] ; 2.5 V        ; 0 s                 ; 0 s                 ; 2.62 V                       ; 2.22e-09 V                   ; 2.73 V              ; -0.0256 V           ; 0.285 V                              ; 0.04 V                               ; 3e-10 s                     ; 3.56e-10 s                  ; No                         ; Yes                        ; 2.62 V                      ; 2.22e-09 V                  ; 2.73 V             ; -0.0256 V          ; 0.285 V                             ; 0.04 V                              ; 3e-10 s                    ; 3.56e-10 s                 ; No                        ; Yes                       ;
; ControlBus[1] ; 2.5 V        ; 0 s                 ; 0 s                 ; 2.62 V                       ; 2.22e-09 V                   ; 2.73 V              ; -0.0256 V           ; 0.285 V                              ; 0.04 V                               ; 3e-10 s                     ; 3.56e-10 s                  ; No                         ; Yes                        ; 2.62 V                      ; 2.22e-09 V                  ; 2.73 V             ; -0.0256 V          ; 0.285 V                             ; 0.04 V                              ; 3e-10 s                    ; 3.56e-10 s                 ; No                        ; Yes                       ;
; ControlBus[2] ; 2.5 V        ; 0 s                 ; 0 s                 ; 2.62 V                       ; 2.22e-09 V                   ; 2.73 V              ; -0.0256 V           ; 0.285 V                              ; 0.04 V                               ; 3e-10 s                     ; 3.56e-10 s                  ; No                         ; Yes                        ; 2.62 V                      ; 2.22e-09 V                  ; 2.73 V             ; -0.0256 V          ; 0.285 V                             ; 0.04 V                              ; 3e-10 s                    ; 3.56e-10 s                 ; No                        ; Yes                       ;
; ControlBus[3] ; 2.5 V        ; 0 s                 ; 0 s                 ; 2.62 V                       ; 2.22e-09 V                   ; 2.73 V              ; -0.0256 V           ; 0.285 V                              ; 0.04 V                               ; 3e-10 s                     ; 3.56e-10 s                  ; No                         ; Yes                        ; 2.62 V                      ; 2.22e-09 V                  ; 2.73 V             ; -0.0256 V          ; 0.285 V                             ; 0.04 V                              ; 3e-10 s                    ; 3.56e-10 s                 ; No                        ; Yes                       ;
; ControlBus[4] ; 2.5 V        ; 0 s                 ; 0 s                 ; 2.62 V                       ; 2.22e-09 V                   ; 2.76 V              ; -0.0499 V           ; 0.167 V                              ; 0.091 V                              ; 2.62e-10 s                  ; 2.34e-10 s                  ; No                         ; Yes                        ; 2.62 V                      ; 2.22e-09 V                  ; 2.76 V             ; -0.0499 V          ; 0.167 V                             ; 0.091 V                             ; 2.62e-10 s                 ; 2.34e-10 s                 ; No                        ; Yes                       ;
; ControlBus[5] ; 2.5 V        ; 0 s                 ; 0 s                 ; 2.62 V                       ; 2.22e-09 V                   ; 2.73 V              ; -0.0256 V           ; 0.285 V                              ; 0.04 V                               ; 3e-10 s                     ; 3.56e-10 s                  ; No                         ; Yes                        ; 2.62 V                      ; 2.22e-09 V                  ; 2.73 V             ; -0.0256 V          ; 0.285 V                             ; 0.04 V                              ; 3e-10 s                    ; 3.56e-10 s                 ; No                        ; Yes                       ;
; ControlBus[6] ; 2.5 V        ; 0 s                 ; 0 s                 ; 2.62 V                       ; 2.22e-09 V                   ; 2.73 V              ; -0.0256 V           ; 0.285 V                              ; 0.04 V                               ; 3e-10 s                     ; 3.56e-10 s                  ; No                         ; Yes                        ; 2.62 V                      ; 2.22e-09 V                  ; 2.73 V             ; -0.0256 V          ; 0.285 V                             ; 0.04 V                              ; 3e-10 s                    ; 3.56e-10 s                 ; No                        ; Yes                       ;
; ~ALTERA_DCLK~ ; 2.5 V        ; 0 s                 ; 0 s                 ; 2.62 V                       ; 2.17e-09 V                   ; 2.78 V              ; -0.0934 V           ; 0.191 V                              ; 0.111 V                              ; 2.64e-10 s                  ; 1.98e-10 s                  ; No                         ; Yes                        ; 2.62 V                      ; 2.17e-09 V                  ; 2.78 V             ; -0.0934 V          ; 0.191 V                             ; 0.111 V                             ; 2.64e-10 s                 ; 1.98e-10 s                 ; No                        ; Yes                       ;
; ~ALTERA_nCEO~ ; 2.5 V        ; 0 s                 ; 0 s                 ; 2.62 V                       ; 2.9e-09 V                    ; 2.73 V              ; -0.0133 V           ; 0.23 V                               ; 0.032 V                              ; 2.9e-10 s                   ; 4.45e-10 s                  ; Yes                        ; Yes                        ; 2.62 V                      ; 2.9e-09 V                   ; 2.73 V             ; -0.0133 V          ; 0.23 V                              ; 0.032 V                             ; 2.9e-10 s                  ; 4.45e-10 s                 ; Yes                       ; Yes                       ;
+---------------+--------------+---------------------+---------------------+------------------------------+------------------------------+---------------------+---------------------+--------------------------------------+--------------------------------------+-----------------------------+-----------------------------+----------------------------+----------------------------+-----------------------------+-----------------------------+--------------------+--------------------+-------------------------------------+-------------------------------------+----------------------------+----------------------------+---------------------------+---------------------------+


+-------------------------------------------------------------------+
; Setup Transfers                                                   ;
+------------+----------+----------+----------+----------+----------+
; From Clock ; To Clock ; RR Paths ; FR Paths ; RF Paths ; FF Paths ;
+------------+----------+----------+----------+----------+----------+
; clk        ; clk      ; 24       ; 0        ; 0        ; 0        ;
+------------+----------+----------+----------+----------+----------+
Entries labeled "false path" only account for clock-to-clock false paths and not path-based false paths. As a result, actual path counts may be lower than reported.


+-------------------------------------------------------------------+
; Hold Transfers                                                    ;
+------------+----------+----------+----------+----------+----------+
; From Clock ; To Clock ; RR Paths ; FR Paths ; RF Paths ; FF Paths ;
+------------+----------+----------+----------+----------+----------+
; clk        ; clk      ; 24       ; 0        ; 0        ; 0        ;
+------------+----------+----------+----------+----------+----------+
Entries labeled "false path" only account for clock-to-clock false paths and not path-based false paths. As a result, actual path counts may be lower than reported.


---------------
; Report TCCS ;
---------------
No dedicated SERDES Transmitter circuitry present in device or used in design


---------------
; Report RSKM ;
---------------
No non-DPA dedicated SERDES Receiver circuitry present in device or used in design


+------------------------------------------------+
; Unconstrained Paths Summary                    ;
+---------------------------------+-------+------+
; Property                        ; Setup ; Hold ;
+---------------------------------+-------+------+
; Illegal Clocks                  ; 0     ; 0    ;
; Unconstrained Clocks            ; 0     ; 0    ;
; Unconstrained Input Ports       ; 0     ; 0    ;
; Unconstrained Input Port Paths  ; 0     ; 0    ;
; Unconstrained Output Ports      ; 6     ; 6    ;
; Unconstrained Output Port Paths ; 6     ; 6    ;
+---------------------------------+-------+------+


+-------------------------------------+
; Clock Status Summary                ;
+--------+-------+------+-------------+
; Target ; Clock ; Type ; Status      ;
+--------+-------+------+-------------+
; clk    ; clk   ; Base ; Constrained ;
+--------+-------+------+-------------+


+-------------------------------------------------------------------------------------------------------+
; Unconstrained Output Ports                                                                            ;
+---------------+---------------------------------------------------------------------------------------+
; Output Port   ; Comment                                                                               ;
+---------------+---------------------------------------------------------------------------------------+
; ControlBus[0] ; No output delay, min/max delays, false-path exceptions, or max skew assignments found ;
; ControlBus[1] ; No output delay, min/max delays, false-path exceptions, or max skew assignments found ;
; ControlBus[2] ; No output delay, min/max delays, false-path exceptions, or max skew assignments found ;
; ControlBus[3] ; No output delay, min/max delays, false-path exceptions, or max skew assignments found ;
; ControlBus[4] ; No output delay, min/max delays, false-path exceptions, or max skew assignments found ;
; ControlBus[5] ; No output delay, min/max delays, false-path exceptions, or max skew assignments found ;
+---------------+---------------------------------------------------------------------------------------+


+-------------------------------------------------------------------------------------------------------+
; Unconstrained Output Ports                                                                            ;
+---------------+---------------------------------------------------------------------------------------+
; Output Port   ; Comment                                                                               ;
+---------------+---------------------------------------------------------------------------------------+
; ControlBus[0] ; No output delay, min/max delays, false-path exceptions, or max skew assignments found ;
; ControlBus[1] ; No output delay, min/max delays, false-path exceptions, or max skew assignments found ;
; ControlBus[2] ; No output delay, min/max delays, false-path exceptions, or max skew assignments found ;
; ControlBus[3] ; No output delay, min/max delays, false-path exceptions, or max skew assignments found ;
; ControlBus[4] ; No output delay, min/max delays, false-path exceptions, or max skew assignments found ;
; ControlBus[5] ; No output delay, min/max delays, false-path exceptions, or max skew assignments found ;
+---------------+---------------------------------------------------------------------------------------+


+------------------------------------+
; TimeQuest Timing Analyzer Messages ;
+------------------------------------+
Info: *******************************************************************
Info: Running Quartus Prime TimeQuest Timing Analyzer
    Info: Version 16.1.0 Build 196 10/24/2016 SJ Lite Edition
    Info: Processing started: Fri Apr 07 17:39:51 2017
Info: Command: quartus_sta uPController1 -c uPController1
Info: qsta_default_script.tcl version: #1
Warning (18236): Number of processors has not been specified which may cause overloading on shared machines.  Set the global assignment NUM_PARALLEL_PROCESSORS in your QSF to an appropriate value for best performance.
Info (20030): Parallel compilation is enabled and will use 4 of the 4 processors detected
Info (21077): Low junction temperature is -40 degrees C
Info (21077): High junction temperature is 100 degrees C
Critical Warning (332012): Synopsys Design Constraints File file not found: 'uPController1.sdc'. A Synopsys Design Constraints File is required by the TimeQuest Timing Analyzer to get proper timing constraints. Without it, the Compiler will not properly optimize the design.
Info (332142): No user constrained base clocks found in the design. Calling "derive_clocks -period 1.0"
Info (332105): Deriving Clocks
    Info (332105): create_clock -period 1.000 -name clk clk
Info (332143): No user constrained clock uncertainty found in the design. Calling "derive_clock_uncertainty"
Info (332123): Deriving Clock Uncertainty. Please refer to report_sdc in TimeQuest to see clock uncertainties.
Info: Found TIMEQUEST_REPORT_SCRIPT_INCLUDE_DEFAULT_ANALYSIS = ON
Info: Analyzing Slow 1000mV 100C Model
Critical Warning (332148): Timing requirements not met
    Info (11105): For recommendations on closing timing, run Report Timing Closure Recommendations in the TimeQuest Timing Analyzer.
Info (332146): Worst-case setup slack is -0.936
    Info (332119):     Slack       End Point TNS Clock 
    Info (332119): ========= =================== =====================
    Info (332119):    -0.936              -5.367 clk 
Info (332146): Worst-case hold slack is 0.519
    Info (332119):     Slack       End Point TNS Clock 
    Info (332119): ========= =================== =====================
    Info (332119):     0.519               0.000 clk 
Info (332140): No Recovery paths to report
Info (332140): No Removal paths to report
Info (332146): Worst-case minimum pulse width slack is -3.000
    Info (332119):     Slack       End Point TNS Clock 
    Info (332119): ========= =================== =====================
    Info (332119):    -3.000             -18.867 clk 
Info: Analyzing Slow 1000mV -40C Model
Info (334003): Started post-fitting delay annotation
Info (334004): Delay annotation completed successfully
Info (332123): Deriving Clock Uncertainty. Please refer to report_sdc in TimeQuest to see clock uncertainties.
Critical Warning (332148): Timing requirements not met
    Info (11105): For recommendations on closing timing, run Report Timing Closure Recommendations in the TimeQuest Timing Analyzer.
Info (332146): Worst-case setup slack is -0.884
    Info (332119):     Slack       End Point TNS Clock 
    Info (332119): ========= =================== =====================
    Info (332119):    -0.884              -5.020 clk 
Info (332146): Worst-case hold slack is 0.496
    Info (332119):     Slack       End Point TNS Clock 
    Info (332119): ========= =================== =====================
    Info (332119):     0.496               0.000 clk 
Info (332140): No Recovery paths to report
Info (332140): No Removal paths to report
Info (332146): Worst-case minimum pulse width slack is -3.000
    Info (332119):     Slack       End Point TNS Clock 
    Info (332119): ========= =================== =====================
    Info (332119):    -3.000             -18.867 clk 
Info: Analyzing Fast 1000mV -40C Model
Info (332123): Deriving Clock Uncertainty. Please refer to report_sdc in TimeQuest to see clock uncertainties.
Critical Warning (332148): Timing requirements not met
    Info (11105): For recommendations on closing timing, run Report Timing Closure Recommendations in the TimeQuest Timing Analyzer.
Info (332146): Worst-case setup slack is -0.044
    Info (332119):     Slack       End Point TNS Clock 
    Info (332119): ========= =================== =====================
    Info (332119):    -0.044              -0.087 clk 
Info (332146): Worst-case hold slack is 0.274
    Info (332119):     Slack       End Point TNS Clock 
    Info (332119): ========= =================== =====================
    Info (332119):     0.274               0.000 clk 
Info (332140): No Recovery paths to report
Info (332140): No Removal paths to report
Info (332146): Worst-case minimum pulse width slack is -3.000
    Info (332119):     Slack       End Point TNS Clock 
    Info (332119): ========= =================== =====================
    Info (332119):    -3.000             -18.867 clk 
Info (332102): Design is not fully constrained for setup requirements
Info (332102): Design is not fully constrained for hold requirements
Info: Quartus Prime TimeQuest Timing Analyzer was successful. 0 errors, 5 warnings
    Info: Peak virtual memory: 700 megabytes
    Info: Processing ended: Fri Apr 07 17:40:07 2017
    Info: Elapsed time: 00:00:16
    Info: Total CPU time (on all processors): 00:00:06


